2021-02-11 11:16:52.072 DEBUG 9088 --- [main] org.hibernate.SQL                        : create table alunno (id bigint not null, cognome varchar(255), nome varchar(255), primary key (id)) engine=InnoDB
2021-02-11 11:16:52.220 DEBUG 9088 --- [main] org.hibernate.SQL                        : create table hibernate_sequence (next_val bigint) engine=InnoDB
2021-02-11 11:16:52.307 DEBUG 9088 --- [main] org.hibernate.SQL                        : insert into hibernate_sequence values ( 1 )
2021-02-11 11:16:56.007  WARN 9088 --- [main] JpaBaseConfiguration$JpaWebConfiguration : spring.jpa.open-in-view is enabled by default. Therefore, database queries may be performed during view rendering. Explicitly configure spring.jpa.open-in-view to disable this warning
2021-02-11 11:18:36.718 DEBUG 9088 --- [http-nio-8080-exec-1] org.hibernate.SQL                        : select next_val as id_val from hibernate_sequence for update
2021-02-11 11:18:36.778 DEBUG 9088 --- [http-nio-8080-exec-1] org.hibernate.SQL                        : update hibernate_sequence set next_val= ? where next_val=?
2021-02-11 11:18:36.919 DEBUG 9088 --- [http-nio-8080-exec-1] org.hibernate.SQL                        : insert into alunno (cognome, nome, id) values (?, ?, ?)
2021-02-11 11:18:36.936 TRACE 9088 --- [http-nio-8080-exec-1] o.h.type.descriptor.sql.BasicBinder      : binding parameter [1] as [VARCHAR] - [Rossi]
2021-02-11 11:18:36.939 TRACE 9088 --- [http-nio-8080-exec-1] o.h.type.descriptor.sql.BasicBinder      : binding parameter [2] as [VARCHAR] - [Mario]
2021-02-11 11:18:36.942 TRACE 9088 --- [http-nio-8080-exec-1] o.h.type.descriptor.sql.BasicBinder      : binding parameter [3] as [BIGINT] - [1]
2021-02-11 11:18:54.611 DEBUG 9088 --- [http-nio-8080-exec-2] org.hibernate.SQL                        : select next_val as id_val from hibernate_sequence for update
2021-02-11 11:18:54.617 DEBUG 9088 --- [http-nio-8080-exec-2] org.hibernate.SQL                        : update hibernate_sequence set next_val= ? where next_val=?
2021-02-11 11:18:54.635 DEBUG 9088 --- [http-nio-8080-exec-2] org.hibernate.SQL                        : insert into alunno (cognome, nome, id) values (?, ?, ?)
2021-02-11 11:18:54.638 TRACE 9088 --- [http-nio-8080-exec-2] o.h.type.descriptor.sql.BasicBinder      : binding parameter [1] as [VARCHAR] - [Rossi]
2021-02-11 11:18:54.641 TRACE 9088 --- [http-nio-8080-exec-2] o.h.type.descriptor.sql.BasicBinder      : binding parameter [2] as [VARCHAR] - [Mario]
2021-02-11 11:18:54.643 TRACE 9088 --- [http-nio-8080-exec-2] o.h.type.descriptor.sql.BasicBinder      : binding parameter [3] as [BIGINT] - [2]
2021-02-11 11:24:31.776  WARN 14296 --- [main] JpaBaseConfiguration$JpaWebConfiguration : spring.jpa.open-in-view is enabled by default. Therefore, database queries may be performed during view rendering. Explicitly configure spring.jpa.open-in-view to disable this warning
2021-02-11 11:26:55.849 DEBUG 14296 --- [http-nio-8080-exec-1] org.hibernate.SQL                        : select alunno0_.id as id1_0_, alunno0_.cognome as cognome2_0_, alunno0_.nome as nome3_0_ from alunno alunno0_
2021-02-11 11:26:56.453 DEBUG 14296 --- [http-nio-8080-exec-1] org.hibernate.SQL                        : delete from alunno where id=?
2021-02-11 11:26:56.522 TRACE 14296 --- [http-nio-8080-exec-1] o.h.type.descriptor.sql.BasicBinder      : binding parameter [1] as [BIGINT] - [1]
2021-02-11 11:26:56.531 DEBUG 14296 --- [http-nio-8080-exec-1] org.hibernate.SQL                        : delete from alunno where id=?
2021-02-11 11:26:56.533 TRACE 14296 --- [http-nio-8080-exec-1] o.h.type.descriptor.sql.BasicBinder      : binding parameter [1] as [BIGINT] - [2]
2021-02-11 11:26:56.602 DEBUG 14296 --- [http-nio-8080-exec-1] org.hibernate.SQL                        : select next_val as id_val from hibernate_sequence for update
2021-02-11 11:26:56.613 DEBUG 14296 --- [http-nio-8080-exec-1] org.hibernate.SQL                        : update hibernate_sequence set next_val= ? where next_val=?
2021-02-11 11:26:56.645 DEBUG 14296 --- [http-nio-8080-exec-1] org.hibernate.SQL                        : insert into alunno (cognome, nome, id) values (?, ?, ?)
2021-02-11 11:26:56.656 TRACE 14296 --- [http-nio-8080-exec-1] o.h.type.descriptor.sql.BasicBinder      : binding parameter [1] as [VARCHAR] - [Rossi]
2021-02-11 11:26:56.661 TRACE 14296 --- [http-nio-8080-exec-1] o.h.type.descriptor.sql.BasicBinder      : binding parameter [2] as [VARCHAR] - [Mario]
2021-02-11 11:26:56.666 TRACE 14296 --- [http-nio-8080-exec-1] o.h.type.descriptor.sql.BasicBinder      : binding parameter [3] as [BIGINT] - [3]
2021-02-11 11:26:56.691 DEBUG 14296 --- [http-nio-8080-exec-1] org.hibernate.SQL                        : select next_val as id_val from hibernate_sequence for update
2021-02-11 11:26:56.702 DEBUG 14296 --- [http-nio-8080-exec-1] org.hibernate.SQL                        : update hibernate_sequence set next_val= ? where next_val=?
2021-02-11 11:26:56.748 DEBUG 14296 --- [http-nio-8080-exec-1] org.hibernate.SQL                        : insert into alunno (cognome, nome, id) values (?, ?, ?)
2021-02-11 11:26:56.759 TRACE 14296 --- [http-nio-8080-exec-1] o.h.type.descriptor.sql.BasicBinder      : binding parameter [1] as [VARCHAR] - [Verdi]
2021-02-11 11:26:56.762 TRACE 14296 --- [http-nio-8080-exec-1] o.h.type.descriptor.sql.BasicBinder      : binding parameter [2] as [VARCHAR] - [Giorgia]
2021-02-11 11:26:56.764 TRACE 14296 --- [http-nio-8080-exec-1] o.h.type.descriptor.sql.BasicBinder      : binding parameter [3] as [BIGINT] - [4]
2021-02-11 11:39:25.909  WARN 13492 --- [main] JpaBaseConfiguration$JpaWebConfiguration : spring.jpa.open-in-view is enabled by default. Therefore, database queries may be performed during view rendering. Explicitly configure spring.jpa.open-in-view to disable this warning
2021-02-11 11:40:22.332 DEBUG 13492 --- [http-nio-8080-exec-1] org.hibernate.SQL                        : delete from alunno
2021-02-11 11:40:22.467 DEBUG 13492 --- [http-nio-8080-exec-1] org.hibernate.SQL                        : select next_val as id_val from hibernate_sequence for update
2021-02-11 11:40:22.475 DEBUG 13492 --- [http-nio-8080-exec-1] org.hibernate.SQL                        : update hibernate_sequence set next_val= ? where next_val=?
2021-02-11 11:40:22.607 DEBUG 13492 --- [http-nio-8080-exec-1] org.hibernate.SQL                        : insert into alunno (cognome, nome, id) values (?, ?, ?)
2021-02-11 11:40:22.623 TRACE 13492 --- [http-nio-8080-exec-1] o.h.type.descriptor.sql.BasicBinder      : binding parameter [1] as [VARCHAR] - [Rossi]
2021-02-11 11:40:22.625 TRACE 13492 --- [http-nio-8080-exec-1] o.h.type.descriptor.sql.BasicBinder      : binding parameter [2] as [VARCHAR] - [Mario]
2021-02-11 11:40:22.627 TRACE 13492 --- [http-nio-8080-exec-1] o.h.type.descriptor.sql.BasicBinder      : binding parameter [3] as [BIGINT] - [5]
2021-02-11 11:40:22.649 DEBUG 13492 --- [http-nio-8080-exec-1] org.hibernate.SQL                        : select next_val as id_val from hibernate_sequence for update
2021-02-11 11:40:22.654 DEBUG 13492 --- [http-nio-8080-exec-1] org.hibernate.SQL                        : update hibernate_sequence set next_val= ? where next_val=?
2021-02-11 11:40:22.664 DEBUG 13492 --- [http-nio-8080-exec-1] org.hibernate.SQL                        : insert into alunno (cognome, nome, id) values (?, ?, ?)
2021-02-11 11:40:22.666 TRACE 13492 --- [http-nio-8080-exec-1] o.h.type.descriptor.sql.BasicBinder      : binding parameter [1] as [VARCHAR] - [Verdi]
2021-02-11 11:40:22.669 TRACE 13492 --- [http-nio-8080-exec-1] o.h.type.descriptor.sql.BasicBinder      : binding parameter [2] as [VARCHAR] - [Giorgia]
2021-02-11 11:40:22.670 TRACE 13492 --- [http-nio-8080-exec-1] o.h.type.descriptor.sql.BasicBinder      : binding parameter [3] as [BIGINT] - [6]
2021-02-11 11:40:22.683 DEBUG 13492 --- [http-nio-8080-exec-1] org.hibernate.SQL                        : select next_val as id_val from hibernate_sequence for update
2021-02-11 11:40:22.687 DEBUG 13492 --- [http-nio-8080-exec-1] org.hibernate.SQL                        : update hibernate_sequence set next_val= ? where next_val=?
2021-02-11 11:40:22.702 DEBUG 13492 --- [http-nio-8080-exec-1] org.hibernate.SQL                        : insert into alunno (cognome, nome, id) values (?, ?, ?)
2021-02-11 11:40:22.706 TRACE 13492 --- [http-nio-8080-exec-1] o.h.type.descriptor.sql.BasicBinder      : binding parameter [1] as [VARCHAR] - [Gialli]
2021-02-11 11:40:22.706 TRACE 13492 --- [http-nio-8080-exec-1] o.h.type.descriptor.sql.BasicBinder      : binding parameter [2] as [VARCHAR] - [Alberto]
2021-02-11 11:40:22.707 TRACE 13492 --- [http-nio-8080-exec-1] o.h.type.descriptor.sql.BasicBinder      : binding parameter [3] as [BIGINT] - [7]
2021-02-11 11:40:22.723 DEBUG 13492 --- [http-nio-8080-exec-1] org.hibernate.SQL                        : select next_val as id_val from hibernate_sequence for update
2021-02-11 11:40:22.727 DEBUG 13492 --- [http-nio-8080-exec-1] org.hibernate.SQL                        : update hibernate_sequence set next_val= ? where next_val=?
2021-02-11 11:40:22.739 DEBUG 13492 --- [http-nio-8080-exec-1] org.hibernate.SQL                        : insert into alunno (cognome, nome, id) values (?, ?, ?)
2021-02-11 11:40:22.741 TRACE 13492 --- [http-nio-8080-exec-1] o.h.type.descriptor.sql.BasicBinder      : binding parameter [1] as [VARCHAR] - [Bianchi]
2021-02-11 11:40:22.742 TRACE 13492 --- [http-nio-8080-exec-1] o.h.type.descriptor.sql.BasicBinder      : binding parameter [2] as [VARCHAR] - [Elena]
2021-02-11 11:40:22.743 TRACE 13492 --- [http-nio-8080-exec-1] o.h.type.descriptor.sql.BasicBinder      : binding parameter [3] as [BIGINT] - [8]
2021-02-11 11:40:22.960 DEBUG 13492 --- [http-nio-8080-exec-1] org.hibernate.SQL                        : select alunno0_.id as id1_0_, alunno0_.cognome as cognome2_0_, alunno0_.nome as nome3_0_ from alunno alunno0_
2021-02-11 11:46:17.062  WARN 10120 --- [main] JpaBaseConfiguration$JpaWebConfiguration : spring.jpa.open-in-view is enabled by default. Therefore, database queries may be performed during view rendering. Explicitly configure spring.jpa.open-in-view to disable this warning
2021-02-11 11:46:34.449 DEBUG 10120 --- [http-nio-8080-exec-1] org.hibernate.SQL                        : delete from alunno
2021-02-11 11:46:34.617 DEBUG 10120 --- [http-nio-8080-exec-1] org.hibernate.SQL                        : select next_val as id_val from hibernate_sequence for update
2021-02-11 11:46:34.628 DEBUG 10120 --- [http-nio-8080-exec-1] org.hibernate.SQL                        : update hibernate_sequence set next_val= ? where next_val=?
2021-02-11 11:46:34.788 DEBUG 10120 --- [http-nio-8080-exec-1] org.hibernate.SQL                        : insert into alunno (cognome, nome, id) values (?, ?, ?)
2021-02-11 11:46:34.802 TRACE 10120 --- [http-nio-8080-exec-1] o.h.type.descriptor.sql.BasicBinder      : binding parameter [1] as [VARCHAR] - [Rossi]
2021-02-11 11:46:34.804 TRACE 10120 --- [http-nio-8080-exec-1] o.h.type.descriptor.sql.BasicBinder      : binding parameter [2] as [VARCHAR] - [Mario]
2021-02-11 11:46:34.811 TRACE 10120 --- [http-nio-8080-exec-1] o.h.type.descriptor.sql.BasicBinder      : binding parameter [3] as [BIGINT] - [9]
2021-02-11 11:46:34.829 DEBUG 10120 --- [http-nio-8080-exec-1] org.hibernate.SQL                        : select next_val as id_val from hibernate_sequence for update
2021-02-11 11:46:34.833 DEBUG 10120 --- [http-nio-8080-exec-1] org.hibernate.SQL                        : update hibernate_sequence set next_val= ? where next_val=?
2021-02-11 11:46:34.843 DEBUG 10120 --- [http-nio-8080-exec-1] org.hibernate.SQL                        : insert into alunno (cognome, nome, id) values (?, ?, ?)
2021-02-11 11:46:34.845 TRACE 10120 --- [http-nio-8080-exec-1] o.h.type.descriptor.sql.BasicBinder      : binding parameter [1] as [VARCHAR] - [Verdi]
2021-02-11 11:46:34.847 TRACE 10120 --- [http-nio-8080-exec-1] o.h.type.descriptor.sql.BasicBinder      : binding parameter [2] as [VARCHAR] - [Giorgia]
2021-02-11 11:46:34.849 TRACE 10120 --- [http-nio-8080-exec-1] o.h.type.descriptor.sql.BasicBinder      : binding parameter [3] as [BIGINT] - [10]
2021-02-11 11:46:34.865 DEBUG 10120 --- [http-nio-8080-exec-1] org.hibernate.SQL                        : select next_val as id_val from hibernate_sequence for update
2021-02-11 11:46:34.874 DEBUG 10120 --- [http-nio-8080-exec-1] org.hibernate.SQL                        : update hibernate_sequence set next_val= ? where next_val=?
2021-02-11 11:46:34.885 DEBUG 10120 --- [http-nio-8080-exec-1] org.hibernate.SQL                        : insert into alunno (cognome, nome, id) values (?, ?, ?)
2021-02-11 11:46:34.889 TRACE 10120 --- [http-nio-8080-exec-1] o.h.type.descriptor.sql.BasicBinder      : binding parameter [1] as [VARCHAR] - [Gialli]
2021-02-11 11:46:34.892 TRACE 10120 --- [http-nio-8080-exec-1] o.h.type.descriptor.sql.BasicBinder      : binding parameter [2] as [VARCHAR] - [Alberto]
2021-02-11 11:46:34.893 TRACE 10120 --- [http-nio-8080-exec-1] o.h.type.descriptor.sql.BasicBinder      : binding parameter [3] as [BIGINT] - [11]
2021-02-11 11:46:34.906 DEBUG 10120 --- [http-nio-8080-exec-1] org.hibernate.SQL                        : select next_val as id_val from hibernate_sequence for update
2021-02-11 11:46:34.911 DEBUG 10120 --- [http-nio-8080-exec-1] org.hibernate.SQL                        : update hibernate_sequence set next_val= ? where next_val=?
2021-02-11 11:46:34.926 DEBUG 10120 --- [http-nio-8080-exec-1] org.hibernate.SQL                        : insert into alunno (cognome, nome, id) values (?, ?, ?)
2021-02-11 11:46:34.928 TRACE 10120 --- [http-nio-8080-exec-1] o.h.type.descriptor.sql.BasicBinder      : binding parameter [1] as [VARCHAR] - [Bianchi]
2021-02-11 11:46:34.929 TRACE 10120 --- [http-nio-8080-exec-1] o.h.type.descriptor.sql.BasicBinder      : binding parameter [2] as [VARCHAR] - [Elena]
2021-02-11 11:46:34.933 TRACE 10120 --- [http-nio-8080-exec-1] o.h.type.descriptor.sql.BasicBinder      : binding parameter [3] as [BIGINT] - [12]
2021-02-11 11:46:35.257 DEBUG 10120 --- [http-nio-8080-exec-1] org.hibernate.SQL                        : select alunno0_.id as id1_0_, alunno0_.cognome as cognome2_0_, alunno0_.nome as nome3_0_ from alunno alunno0_
2021-02-11 11:46:35.455 DEBUG 10120 --- [http-nio-8080-exec-1] org.hibernate.SQL                        : delete from alunno where id=?
2021-02-11 11:46:35.458 TRACE 10120 --- [http-nio-8080-exec-1] o.h.type.descriptor.sql.BasicBinder      : binding parameter [1] as [BIGINT] - [9]
2021-02-11 11:46:35.477 DEBUG 10120 --- [http-nio-8080-exec-1] org.hibernate.SQL                        : delete from alunno where id=?
2021-02-11 11:46:35.482 TRACE 10120 --- [http-nio-8080-exec-1] o.h.type.descriptor.sql.BasicBinder      : binding parameter [1] as [BIGINT] - [11]
2021-02-11 11:46:35.533 DEBUG 10120 --- [http-nio-8080-exec-1] org.hibernate.SQL                        : select alunno0_.id as id1_0_, alunno0_.cognome as cognome2_0_, alunno0_.nome as nome3_0_ from alunno alunno0_
2021-02-11 12:53:22.280  WARN 9564 --- [main] JpaBaseConfiguration$JpaWebConfiguration : spring.jpa.open-in-view is enabled by default. Therefore, database queries may be performed during view rendering. Explicitly configure spring.jpa.open-in-view to disable this warning
